<?xml version="1.0" encoding="UTF-8"?>
<!-- Generated by org.testng.reporters.JUnitReportReporter -->
<testsuite hostname="Eatasam" failures="0" tests="1" name="EatasamAutomation.Garage.NewTest" time="90.418" errors="0" timestamp="2024-10-14T15:57:40 AST" skipped="0">
  <testcase classname="EatasamAutomation.Garage.NewTest" name="Login" time="90.418"/>
</testsuite> <!-- EatasamAutomation.Garage.NewTest -->
