<?xml version="1.0" encoding="UTF-8"?>
<!-- Generated by org.testng.reporters.JUnitReportReporter -->
<testsuite hostname="Eatasam" failures="0" tests="1" name="EatasamAutomation.Garage.AddCar" time="120.026" errors="0" timestamp="2024-10-27T12:06:27 AST" skipped="0">
  <testcase classname="EatasamAutomation.Garage.AddCar" name="Login" time="120.026"/>
</testsuite> <!-- EatasamAutomation.Garage.AddCar -->
