<?xml version="1.0" encoding="UTF-8"?>
<!-- Generated by org.testng.reporters.JUnitReportReporter -->
<testsuite hostname="Eatasam" failures="0" tests="1" name="EatasamAutomation.Garage.LandingScreen" time="131.698" errors="0" timestamp="2024-10-27T11:56:40 AST" skipped="0">
  <testcase classname="EatasamAutomation.Garage.LandingScreen" name="Landing" time="131.698"/>
</testsuite> <!-- EatasamAutomation.Garage.LandingScreen -->
