<?xml version="1.0" encoding="UTF-8"?>
<!-- Generated by org.testng.reporters.JUnitReportReporter -->
<testsuite hostname="Eatasam" failures="0" tests="1" name="EatasamAutomation.Garage.AddCar" time="117.701" errors="0" timestamp="2024-10-29T11:58:01 AST" skipped="0">
  <testcase classname="EatasamAutomation.Garage.AddCar" name="Login" time="117.701"/>
</testsuite> <!-- EatasamAutomation.Garage.AddCar -->
